Kata dalam Db
absênsi absënsi      false
agên agën      false
agênda agënda      false
agrêsic agrësif      false
akrêditasi akrëditasi      false
aksês aksës      false
algöritma algoritma      false
alöcön alofon      false
anêh anëh      false
anêka anëka      false
ahö ayo      false
bêbas bëbas      false
bêbêk bëbëk      false
bêcak bëcak      false
bêda bëda      false
bêrbêda bêrbeda      false
capêk capëk      false
cêk cëk      false
cêrêjêt cêrëwët      false
dêdikasi dëdikasi      false
dêfinisi definisi      false
dêhidrasi dehidrasi      false
dêkadê dekadê      false
dêklarasi dëklarasi      false
dêkörasi dëkörasi      false
dêmö demo      false
dêmökrasi demokrasi      false
dömpêt dömpët      false
êcêr ëcër      false
êdan ëdan      false
êdar ëdar      false
êdisi ëdisi      false
êdit ëdit      false
êcëk ëfëk      false
êfisiên ëfisiën      false
êjêk ëjëk      false
êkönömi ekonomi      false
ëkspêrimên ëkspërimën      false
êlit ëlit      false
êmösi emosi      false
ênak ënak      false
êngkau ëngkau      false
caktör faktör      false
casê fasê      false
cacörit favörit      false
cêminin fëminin      false
cilösöci filosofi      false
vlöra flöra      false
cökus fökus      false
cönêm fonem      false
fönêmnëa fonemnya      false
cörmulir förmulir      false
cörum förum      false
ëösil fösil      false
ëötö foto      false
cötögraci fotografi      false
cötököpi fotoköpi      false
crêkuênsi frëkuënsi      false
fundamêntal fundamëntal      false
gandêng gandëng      false
gêjölak gêjolak      false
gêl gël      false
gêlêdah gêlëdah      false
görêng görëng      false
hakêkat hakëkat      false
harmönis harmonis      false
hêbat hëbat      false
hêböh hëböh      false
hêktar hëktar      false
hêlm hëlm      false
hêmat hëmat      false
hêran hëran      false
hêjan hëwan      false
hötêl hötël      false
idê ide      false
idêntifikasi idëntifikasi      false
idêntitas idëntitas      false
idêölögi idëologi      false
indönêsia indonesia      false
incëksi infëksi      false
insidên insidën      false
intênsic intënsif      false
intênsitas intënsitas      false
incêntaris invëntaris      false
istimêja istimëwa      false
jagö jago      false
jahê jahe      false
jakêt jakët      false
jêndêla jêndëla      false
kabupatên kabupatën      false
kagêt kagët      false
kakêk kakëk      false
kalêng kalëng      false
kamêra kamëra      false
kampanëê kampanyê      false
karê kare      false
kasêt kasët      false
katêgöri kategori      false
kömputêr komputêr      false
lêbar lëbar      false
lêhêr lëhër      false
lêlang lëlang      false
lêlêh lëlëh      false
lêm lëm      false
lêmpar lëmpar      false
matêrial matërial      false
mêja mëja      false
mêmpröduksi mêmproduksi      false
mêmpuncai mêmpunyai      false
mêngköncêrsi mêngkonvërsi      false
mênêimpan mênyimpan      false
mêrah mërah      false
mêrêka mêrëka      false
mêtödê metodê      false
mêjakili mêwakili      false
mikrösköp mikroskop      false
mödêl mödël      false
möncêt mönyët      false
möticasi mötivasi      false
multimêdia multimëdia      false
nasêhat nasëhat      false
nêgatic nëgatif      false
nêlahan nêlayan      false
nênëk nënëk      false
nêön nëön      false
nhönëa nyönya      false
öbjêk öbjëk      false
öbsêsi öbsësi      false
öcêh öcëh      false
öksigên ongkos      false
ölêh ölëh      false
ölês ölës      false
ömêl ömël      false
pamêr pamër      false
panên panën      false
pasiên pasiën      false
patên patën      false
pêrak përak      false
pêrbêdaan pêrbedaan      false
pêrkêmbangannëa pêrkêmbangannya      false
pêrtanjaan pêrtanyaan      false
pidatö pidato      false
prêsêntasi prësêntasi      false
pröduk produk      false
pröcêsi profësi      false
prögram program      false
pröpinsi propinsi      false
prösês prösës      false
radiö radio      false
rajalêla rajalëla      false
rêaksi rëaksi      false
rêalisasi rëalisasi      false
rêlasi rëlasi      false
rêmêh rëmëh      false
rêpöt rëpöt      false
rêsêp rêsëp      false
rêsikö rësiko      false
rêstöran rëstöran      false
saldö saldo      false
satê sate      false
sêdöt sêdot      false
sêmbunëi sêmbunyi      false
sêpakböla sëpakbola      false
sörê sore      false
sötö soto      false
têks tëks      false
têmbak tëmbak      false
têrör tërör      false
tökö toko      false
töpêng töpëng      false
unicêrsal univêrsal      false
unicêrsitas univêrsitas      false
urêtra uretra      false
cariabêl variabêl      false
casêktömi vasëktomi      false
cêgêtarian vëgëtarian      false
cêntilasi vëntilasi      false
cêrifikasi vërifikasi      false
cêrsi vërsi      false
cêrtikal vërtikal      false
cêtêran vëtêran      false
cêtö veto      false
cidêö videö      false
ciölêt violët      false
cökal vokal      false
cölt völt      false
cöltasê völtasê      false
cölumê völumê      false
cönis vönis      false
culkanölögi vulkanologi      false
jacêr wafêr      false
caliköta waliköta      false
carganêgara warganêgara      false
cartêl wartël      false
casköm wasköm      false
pastacêl wastafël      false
cêsêl wësël      false
jêcangian wêwangian      false
jêjênang wêwênang      false
jijên wijën      false
cöl wöl      false
cörtêl wörtêl      false
hödium yodium      false
cöga yöga      false
höhö yoyo      false
budö yudo      false
êêbra zëbra      false
diönis ziönis      false
öödiak zodiak      false
ööna zöna      false
Total data : 500 kata, 3165 seri window
1 MSE : 0.2944 AvgErr : 1.5663
2 MSE : 0.1635 AvgErr : 1.1962
3 MSE : 0.1136 AvgErr : 0.9260
4 MSE : 0.0923 AvgErr : 0.7683
5 MSE : 0.0801 AvgErr : 0.6591
6 MSE : 0.0741 AvgErr : 0.5817
7 MSE : 0.0707 AvgErr : 0.5632
8 MSE : 0.0685 AvgErr : 0.5192
8 Best MSE : 0.0685 AvgErr : 0.5192

testing ....
 Kata dalam database
 benar : 290, salah : 210, keakuratan : 58.00 percent

Kata tidak ada dalam Db
simêtrik simëtrik      false
phötököpi photoköpi      false
dömêstik dömëstik      false
höi hoi      false
rêkönstruksi rëkönstruksi      false
lêgalisasi lëgalisasi      false
planêt planët      false
têrtajai têrtawai      false
röhanijan röhaniwan      false
têkad tëkad      false
kêröhök kêröyök      false
Total data : 500 kata, 3165 seri window
1 MSE : 0.2944 AvgErr : 1.5663
2 MSE : 0.1635 AvgErr : 1.1962
3 MSE : 0.1136 AvgErr : 0.9260
4 MSE : 0.0923 AvgErr : 0.7683
5 MSE : 0.0801 AvgErr : 0.6591
6 MSE : 0.0741 AvgErr : 0.5817
7 MSE : 0.0707 AvgErr : 0.5632
8 MSE : 0.0685 AvgErr : 0.5192
8 Best MSE : 0.0685 AvgErr : 0.5192

testing ....
 Kata dalam database
 benar : 290, salah : 210, keakuratan : 58.00 percent
 Kata tidak ada dalam database
 benar : 39, salah : 11, keakuratan : 78.00 percent
