Kata dalam Db
bandëng bandêng      false
beda bëda      false
fonêm fonem      false
idê ide      false
indonêsia indonesia      false
mönyêt mönyët      false
ongkoën ongkos      false
pêrak përak      false
töpêng töpëng      false
ulët ulêt      false
wörtël wörtêl      false

testing ....
 Kata dalam database
 benar : 489, salah : 11, keakuratan : 97.80 percent

Kata tidak ada dalam Db
këdêkatan kêdêkatan      false
dagël dagêl      false
sêwaan sëwaan      false
surêalismê surealismê      false
këinsyafan kêinsyafan      false
këpömpöng kêpömpöng      false
këröncöng kêröncöng      false
këharuman kêharuman      false
kafëtaria kafetaria      false
këjênuhan kêjênuhan      false
këmërösötan kêmêrösötan      false
ott Göt      false
këmêriahan kêmêriahan      false
ênggan ënggan      false
sêwaan sëwaan      false
sêkte sëktê      false
kënëtralan kênëtralan      false

testing ....
 Kata dalam database
 benar : 489, salah : 11, keakuratan : 97.80 percent
 Kata tidak ada dalam database
 benar : 33, salah : 17, keakuratan : 66.00 percent
